<?xml version="1.0" encoding="UTF-8"?>
<coverage generated="1753615251242" clover="3.2.0">
  <project timestamp="1753615251242" name="All files">
    <metrics statements="4" coveredstatements="4" conditionals="5" coveredconditionals="5" methods="1" coveredmethods="1" elements="10" coveredelements="10" complexity="0" loc="4" ncloc="4" packages="1" files="1" classes="1"/>
    <file name="app.js" path="C:\Users\aleksey\Desktop\unit-testing2\src\js\app.js">
      <metrics statements="4" coveredstatements="4" conditionals="5" coveredconditionals="5" methods="1" coveredmethods="1"/>
      <line num="1" count="1" type="cond" truecount="1" falsecount="0"/>
      <line num="2" count="5" type="cond" truecount="2" falsecount="0"/>
      <line num="3" count="5" type="cond" truecount="2" falsecount="0"/>
      <line num="4" count="5" type="stmt"/>
    </file>
  </project>
</coverage>
