<?xml version="1.0" encoding="UTF-8"?>
<coverage generated="1753569264755" clover="3.2.0">
  <project timestamp="1753569264755" name="All files">
    <metrics statements="1" coveredstatements="1" conditionals="4" coveredconditionals="4" methods="1" coveredmethods="1" elements="6" coveredelements="6" complexity="0" loc="1" ncloc="1" packages="1" files="1" classes="1"/>
    <file name="app.js" path="C:\Users\aleksey\Desktop\unit-testing2\src\js\app.js">
      <metrics statements="1" coveredstatements="1" conditionals="4" coveredconditionals="4" methods="1" coveredmethods="1"/>
      <line num="2" count="5" type="cond" truecount="2" falsecount="0"/>
    </file>
  </project>
</coverage>
