{"C:\\Users\\aleksey\\Desktop\\unit-testing2\\src\\js\\app.js": {"path":"C:\\Users\\aleksey\\Desktop\\unit-testing2\\src\\js\\app.js","all":false,"statementMap":{"0":{"start":{"line":1,"column":0},"end":{"line":1,"column":47}},"1":{"start":{"line":2,"column":0},"end":{"line":2,"column":43}},"2":{"start":{"line":3,"column":0},"end":{"line":3,"column":54}},"3":{"start":{"line":4,"column":0},"end":{"line":4,"column":1}}},"s":{"0":1,"1":5,"2":5,"3":5},"branchMap":{"0":{"type":"branch","line":1,"loc":{"start":{"line":1,"column":7},"end":{"line":4,"column":1}},"locations":[{"start":{"line":1,"column":7},"end":{"line":4,"column":1}}]},"1":{"type":"branch","line":2,"loc":{"start":{"line":2,"column":29},"end":{"line":2,"column":41}},"locations":[{"start":{"line":2,"column":29},"end":{"line":2,"column":41}}]},"2":{"type":"branch","line":2,"loc":{"start":{"line":2,"column":41},"end":{"line":3,"column":53}},"locations":[{"start":{"line":2,"column":41},"end":{"line":3,"column":53}}]},"3":{"type":"branch","line":3,"loc":{"start":{"line":3,"column":28},"end":{"line":3,"column":40}},"locations":[{"start":{"line":3,"column":28},"end":{"line":3,"column":40}}]},"4":{"type":"branch","line":3,"loc":{"start":{"line":3,"column":40},"end":{"line":3,"column":53}},"locations":[{"start":{"line":3,"column":40},"end":{"line":3,"column":53}}]}},"b":{"0":[5],"1":[1],"2":[4],"3":[3],"4":[1]},"fnMap":{"0":{"name":"determineHealthStatus","decl":{"start":{"line":1,"column":7},"end":{"line":4,"column":1}},"loc":{"start":{"line":1,"column":7},"end":{"line":4,"column":1}},"line":1}},"f":{"0":5}}
}
