{"C:\\Users\\aleksey\\Desktop\\unit-testing2\\src\\index.js": {"path":"C:\\Users\\aleksey\\Desktop\\unit-testing2\\src\\index.js","statementMap":{"0":{"start":{"line":2,"column":2},"end":{"line":3,"column":52}}},"fnMap":{"0":{"name":"determineHealthStatus","decl":{"start":{"line":1,"column":16},"end":{"line":1,"column":37}},"loc":{"start":{"line":1,"column":46},"end":{"line":4,"column":1}},"line":1}},"branchMap":{"0":{"loc":{"start":{"line":2,"column":9},"end":{"line":3,"column":51}},"type":"cond-expr","locations":[{"start":{"line":2,"column":30},"end":{"line":2,"column":39}},{"start":{"line":3,"column":7},"end":{"line":3,"column":51}}],"line":2},"1":{"loc":{"start":{"line":3,"column":7},"end":{"line":3,"column":51}},"type":"cond-expr","locations":[{"start":{"line":3,"column":29},"end":{"line":3,"column":38}},{"start":{"line":3,"column":41},"end":{"line":3,"column":51}}],"line":3}},"s":{"0":5},"f":{"0":5},"b":{"0":[1,4],"1":[3,1]},"_coverageSchema":"1a1c01bbd47fc00a2c39e90264f33305004495a9","hash":"e5cd0a1ae5b12c01f46d68d5e96bdd227cd849ad"}
}
